<?xml version="1.0" encoding="UTF-8"?>
<!-- Generated by org.testng.reporters.JUnitReportReporter -->
<testsuite hostname="ff5c026dcc2f" failures="0" tests="20" name="org.learn.tests.flightreservation.FlightReservationTest" time="57.268" errors="0" timestamp="2024-12-07T09:07:47 GMT" skipped="0">
  <testcase classname="org.learn.tests.flightreservation.FlightReservationTest" name="registrationConfirmationPage" time="1.247"/>
  <testcase classname="org.learn.tests.flightreservation.FlightReservationTest" name="flightsSearchPage" time="3.221"/>
  <testcase classname="org.learn.tests.flightreservation.FlightReservationTest" name="flightConfirmationPage" time="0.966"/>
  <testcase classname="org.learn.tests.flightreservation.FlightReservationTest" name="flightsSearchPage" time="1.406"/>
  <testcase classname="org.learn.tests.flightreservation.FlightReservationTest" name="selectFlightsPage" time="2.873"/>
  <testcase classname="org.learn.tests.flightreservation.FlightReservationTest" name="flightConfirmationPage" time="1.257"/>
  <testcase classname="org.learn.tests.flightreservation.FlightReservationTest" name="registrationConfirmationPage" time="0.784"/>
  <testcase classname="org.learn.tests.flightreservation.FlightReservationTest" name="userRegistrationTest" time="6.718"/>
  <testcase classname="org.learn.tests.flightreservation.FlightReservationTest" name="selectFlightsPage" time="2.747"/>
  <testcase classname="org.learn.tests.flightreservation.FlightReservationTest" name="userRegistrationTest" time="3.361"/>
  <testcase classname="org.learn.tests.flightreservation.FlightReservationTest" name="userRegistrationTest" time="6.662"/>
  <testcase classname="org.learn.tests.flightreservation.FlightReservationTest" name="selectFlightsPage" time="3.139"/>
  <testcase classname="org.learn.tests.flightreservation.FlightReservationTest" name="userRegistrationTest" time="6.662"/>
  <testcase classname="org.learn.tests.flightreservation.FlightReservationTest" name="flightsSearchPage" time="1.998"/>
  <testcase classname="org.learn.tests.flightreservation.FlightReservationTest" name="registrationConfirmationPage" time="1.274"/>
  <testcase classname="org.learn.tests.flightreservation.FlightReservationTest" name="registrationConfirmationPage" time="2.535"/>
  <testcase classname="org.learn.tests.flightreservation.FlightReservationTest" name="flightConfirmationPage" time="1.658"/>
  <testcase classname="org.learn.tests.flightreservation.FlightReservationTest" name="flightsSearchPage" time="2.981"/>
  <testcase classname="org.learn.tests.flightreservation.FlightReservationTest" name="selectFlightsPage" time="3.291"/>
  <testcase classname="org.learn.tests.flightreservation.FlightReservationTest" name="flightConfirmationPage" time="2.488"/>
</testsuite> <!-- org.learn.tests.flightreservation.FlightReservationTest -->
